[2026-02-27 07:47:50] [信息] 线程池创建，工作线程数: 4, 最大线程数: 16
[2026-02-27 07:47:51] [信息] 成功取消任务: cancel-task-1
[2026-02-27 07:47:51] [信息] 成功取消任务: cancel-task-2
[2026-02-27 07:47:51] [错误] 尝试取消不存在的任务: non-existent-task
[2026-02-27 07:47:52] [错误] 任务超时: Task timed out after 500ms
[2026-02-27 07:47:52] [错误] 无法取消正在执行的任务: low-priority
[2026-02-27 07:48:03] [信息] 线程池创建，工作线程数: 4, 最大线程数: 16
[2026-02-27 07:48:03] [信息] 成功取消任务: cancel-task-1
[2026-02-27 07:48:03] [信息] 成功取消任务: cancel-task-2
[2026-02-27 07:48:03] [错误] 尝试取消不存在的任务: non-existent-task
[2026-02-27 07:48:04] [错误] 任务超时: Task timed out after 500ms
[2026-02-27 07:48:04] [错误] 无法取消正在执行的任务: low-priority
[2026-02-27 07:48:05] [信息] 设置最大线程数: 20
[2026-02-27 07:48:05] [信息] 调整线程池大小: 4 -> 6 (最大: 20)
[2026-02-27 07:48:05] [信息] 等待所有任务完成...
[2026-02-27 07:48:05] [信息] 所有任务已完成
[2026-02-27 07:48:05] [信息] 调整线程池大小: 6 -> 8 (最大: 20)
[2026-02-27 07:48:05] [信息] 等待所有任务完成...
[2026-02-27 07:48:05] [信息] 所有任务已完成
[2026-02-27 07:48:05] [信息] 线程池正在关闭...
[2026-02-27 07:48:05] [信息] 线程池已关闭
[2026-02-27 07:48:17] [信息] 线程池创建，工作线程数: 4, 最大线程数: 16
[2026-02-27 07:48:17] [信息] 成功取消任务: cancel-task-1
[2026-02-27 07:48:17] [信息] 成功取消任务: cancel-task-2
[2026-02-27 07:48:17] [错误] 尝试取消不存在的任务: non-existent-task
[2026-02-27 07:48:18] [错误] 任务超时: Task timed out after 500ms
[2026-02-27 07:48:19] [错误] 无法取消正在执行的任务: low-priority
[2026-02-27 07:49:12] [信息] 线程池创建，工作线程数: 4, 最大线程数: 16
[2026-02-27 07:49:12] [信息] 成功取消任务: cancel-task-1
[2026-02-27 07:49:12] [信息] 成功取消任务: cancel-task-2
[2026-02-27 07:49:12] [错误] 尝试取消不存在的任务: non-existent-task
[2026-02-27 07:49:13] [错误] 任务超时: Task timed out after 500ms
[2026-02-27 07:49:14] [错误] 无法取消正在执行的任务: low-priority
[2026-02-27 07:49:14] [错误] 任务异常: std::future_error: Promise already satisfied
[2026-02-27 07:49:14] [信息] 设置最大线程数: 20
[2026-02-27 07:49:14] [信息] 调整线程池大小: 4 -> 6 (最大: 20)
[2026-02-27 07:49:14] [信息] 等待所有任务完成...
[2026-02-27 07:49:14] [信息] 所有任务已完成
[2026-02-27 07:49:14] [信息] 调整线程池大小: 6 -> 8 (最大: 20)
[2026-02-27 07:49:14] [信息] 等待所有任务完成...
[2026-02-27 07:49:14] [信息] 所有任务已完成
[2026-02-27 07:49:14] [信息] 线程池正在关闭...
[2026-02-27 07:49:14] [信息] 线程池已关闭
[2026-02-27 07:52:06] [信息] 线程池创建，工作线程数: 4, 最大线程数: 16
[2026-02-27 07:52:06] [信息] 成功取消任务: cancel-task-1
[2026-02-27 07:52:06] [信息] 成功取消任务: cancel-task-2
[2026-02-27 07:52:06] [错误] 尝试取消不存在的任务: non-existent-task
[2026-02-27 07:52:08] [错误] 任务超时: Task timed out after 500ms
[2026-02-27 07:52:08] [错误] 无法取消正在执行的任务: low-priority
[2026-02-27 07:52:09] [信息] 设置最大线程数: 20
[2026-02-27 07:52:09] [信息] 调整线程池大小: 4 -> 6 (最大: 20)
[2026-02-27 07:52:09] [信息] 等待所有任务完成...
[2026-02-27 07:52:09] [信息] 所有任务已完成
[2026-02-27 07:52:09] [信息] 调整线程池大小: 6 -> 8 (最大: 20)
[2026-02-27 07:52:09] [信息] 等待所有任务完成...
[2026-02-27 07:52:09] [信息] 所有任务已完成
[2026-02-27 07:52:09] [信息] 线程池正在关闭...
[2026-02-27 07:52:09] [信息] 线程池已关闭
[2026-02-27 07:52:23] [信息] 线程池创建，工作线程数: 4, 最大线程数: 16
[2026-02-27 07:52:23] [信息] 成功取消任务: cancel-task-1
[2026-02-27 07:52:23] [信息] 成功取消任务: cancel-task-2
[2026-02-27 07:52:23] [错误] 尝试取消不存在的任务: non-existent-task
[2026-02-27 07:52:25] [错误] 任务超时: Task timed out after 500ms
[2026-02-27 07:52:25] [错误] 无法取消正在执行的任务: low-priority
[2026-02-27 07:52:26] [信息] 设置最大线程数: 20
[2026-02-27 07:52:26] [信息] 调整线程池大小: 4 -> 6 (最大: 20)
[2026-02-27 07:52:26] [信息] 等待所有任务完成...
[2026-02-27 07:52:26] [信息] 所有任务已完成
[2026-02-27 07:52:26] [信息] 调整线程池大小: 6 -> 8 (最大: 20)
[2026-02-27 07:52:26] [信息] 等待所有任务完成...
[2026-02-27 07:52:26] [信息] 所有任务已完成
[2026-02-27 07:52:26] [信息] 线程池正在关闭...
[2026-02-27 07:52:26] [信息] 线程池已关闭
